[1106/192840:ERROR:process_info.cc(608)] range at 0x29ba2da000000000, size 0x2da fully unreadable
[1106/192840:ERROR:process_info.cc(608)] range at 0x29ba2dc000000000, size 0x2da fully unreadable
[1106/192840:ERROR:process_info.cc(608)] range at 0x0, size 0x2da fully unreadable
[1106/192840:WARNING:in_range_cast.h(38)] value 3136026186780 out of range
[1106/192840:WARNING:in_range_cast.h(38)] value 3136026188614 out of range
[1106/192840:WARNING:in_range_cast.h(38)] value 3136026188954 out of range
[1106/192840:WARNING:in_range_cast.h(38)] value 3136026185230 out of range
[1106/192840:WARNING:in_range_cast.h(38)] value 3136026185442 out of range
[1106/212416:ERROR:process_info.cc(608)] range at 0x646e2d9c00000000, size 0x20b fully unreadable
[1106/212416:ERROR:process_info.cc(608)] range at 0x646e2dbc00000000, size 0x20b fully unreadable
[1106/212416:ERROR:process_info.cc(608)] range at 0x0, size 0x20b fully unreadable
[1106/212416:ERROR:process_info.cc(608)] range at 0x75102d9c00000000, size 0x145 fully unreadable
[1106/212416:ERROR:process_info.cc(608)] range at 0x75102dbc00000000, size 0x145 fully unreadable
[1106/212416:ERROR:process_info.cc(608)] range at 0x0, size 0x145 fully unreadable
[1106/212416:WARNING:in_range_cast.h(38)] value 1397828359196 out of range
[1106/212416:WARNING:in_range_cast.h(38)] value 1397828361030 out of range
[1106/212416:WARNING:in_range_cast.h(38)] value 1397828361370 out of range
[1106/212416:WARNING:in_range_cast.h(38)] value 1397828357646 out of range
[1106/212416:WARNING:in_range_cast.h(38)] value 1397828357858 out of range
[1106/212416:WARNING:in_range_cast.h(38)] value 2247952831516 out of range
[1106/212416:WARNING:in_range_cast.h(38)] value 2247952833350 out of range
[1106/212416:WARNING:in_range_cast.h(38)] value 2247952833690 out of range
[1106/212416:WARNING:in_range_cast.h(38)] value 2247952829966 out of range
[1106/212416:WARNING:in_range_cast.h(38)] value 2247952830178 out of range
[1109/160110:ERROR:process_info.cc(608)] range at 0xa6be2da400000000, size 0x1cc fully unreadable
[1109/160110:ERROR:process_info.cc(608)] range at 0xa6be2dc400000000, size 0x1cc fully unreadable
[1109/160110:ERROR:process_info.cc(608)] range at 0x0, size 0x1cc fully unreadable
[1109/160110:WARNING:in_range_cast.h(38)] value 1978482431002 out of range
[1109/160110:WARNING:in_range_cast.h(38)] value 1978482432836 out of range
[1109/160110:WARNING:in_range_cast.h(38)] value 1978482433176 out of range
[1109/160110:WARNING:in_range_cast.h(38)] value 1978482429454 out of range
[1109/160110:WARNING:in_range_cast.h(38)] value 1978482429666 out of range
[1111/114938:ERROR:process_info.cc(608)] range at 0xf72f2c4c00000000, size 0x252 fully unreadable
[1111/114938:ERROR:process_info.cc(608)] range at 0xf72f2c6c00000000, size 0x252 fully unreadable
[1111/114938:ERROR:process_info.cc(608)] range at 0x0, size 0x252 fully unreadable
[1111/114938:WARNING:in_range_cast.h(38)] value 2555427183312 out of range
[1111/114938:WARNING:in_range_cast.h(38)] value 2555427185146 out of range
[1111/114938:WARNING:in_range_cast.h(38)] value 2555427185486 out of range
[1111/114938:WARNING:in_range_cast.h(38)] value 2555427181582 out of range
[1111/114938:WARNING:in_range_cast.h(38)] value 2555427181794 out of range
[1111/114938:ERROR:process_info.cc(608)] range at 0x2b332c4800000000, size 0x285 fully unreadable
[1111/114938:ERROR:process_info.cc(608)] range at 0x2b332c6800000000, size 0x285 fully unreadable
[1111/114938:ERROR:process_info.cc(608)] range at 0x0, size 0x285 fully unreadable
[1111/114939:ERROR:process_info.cc(608)] range at 0xf522c4c00000000, size 0x13e fully unreadable
[1111/114939:ERROR:process_info.cc(608)] range at 0xf522c6c00000000, size 0x13e fully unreadable
[1111/114939:ERROR:process_info.cc(608)] range at 0x0, size 0x13e fully unreadable
[1111/114939:WARNING:in_range_cast.h(38)] value 1366126488624 out of range
[1111/114939:WARNING:in_range_cast.h(38)] value 1366126490458 out of range
[1111/114939:WARNING:in_range_cast.h(38)] value 1366126490798 out of range
[1111/114939:WARNING:in_range_cast.h(38)] value 1366126486894 out of range
[1111/114939:WARNING:in_range_cast.h(38)] value 1366126487106 out of range
[1111/114941:ERROR:process_reader_win.cc(142)] SuspendThread: Access is denied. (0x5)
[1111/114941:ERROR:exception_snapshot_win.cc(87)] thread ID 74632 not found in process
[1111/114941:WARNING:crash_report_exception_handler.cc(56)] ProcessSnapshotWin::Initialize failed
[1111/115516:ERROR:process_info.cc(608)] range at 0x50e72da400000000, size 0x1fb fully unreadable
[1111/115516:ERROR:process_info.cc(608)] range at 0x50e72dc400000000, size 0x1fb fully unreadable
[1111/115516:ERROR:process_info.cc(608)] range at 0x0, size 0x1fb fully unreadable
[1111/115516:ERROR:process_info.cc(608)] range at 0x38aa2da000000000, size 0x241 fully unreadable
[1111/115516:ERROR:process_info.cc(608)] range at 0x38aa2dc000000000, size 0x241 fully unreadable
[1111/115516:ERROR:process_info.cc(608)] range at 0x0, size 0x241 fully unreadable
[1111/115516:WARNING:in_range_cast.h(38)] value 2178905740316 out of range
[1111/115516:WARNING:in_range_cast.h(38)] value 2178905742150 out of range
[1111/115516:WARNING:in_range_cast.h(38)] value 2178905742490 out of range
[1111/115516:WARNING:in_range_cast.h(38)] value 2178905738766 out of range
[1111/115516:WARNING:in_range_cast.h(38)] value 2178905738978 out of range
[1111/115516:WARNING:in_range_cast.h(38)] value 2479146800156 out of range
[1111/115516:WARNING:in_range_cast.h(38)] value 2479146801990 out of range
[1111/115516:WARNING:in_range_cast.h(38)] value 2479146802330 out of range
[1111/115516:WARNING:in_range_cast.h(38)] value 2479146798606 out of range
[1111/115516:WARNING:in_range_cast.h(38)] value 2479146798818 out of range
[1111/115527:ERROR:process_info.cc(608)] range at 0x472e2da000000000, size 0x221 fully unreadable
[1111/115527:ERROR:process_info.cc(608)] range at 0x472e2dc000000000, size 0x221 fully unreadable
[1111/115527:ERROR:process_info.cc(608)] range at 0x0, size 0x221 fully unreadable
[1111/115527:WARNING:in_range_cast.h(38)] value 2341951378460 out of range
[1111/115527:WARNING:in_range_cast.h(38)] value 2341951380294 out of range
[1111/115527:WARNING:in_range_cast.h(38)] value 2341951380634 out of range
[1111/115527:WARNING:in_range_cast.h(38)] value 2341951376910 out of range
[1111/115527:WARNING:in_range_cast.h(38)] value 2341951377122 out of range
[1111/115531:ERROR:process_info.cc(608)] range at 0x89892da000000000, size 0x263 fully unreadable
[1111/115531:ERROR:process_info.cc(608)] range at 0x89892dc000000000, size 0x263 fully unreadable
[1111/115531:ERROR:process_info.cc(608)] range at 0x0, size 0x263 fully unreadable
[1111/115531:WARNING:in_range_cast.h(38)] value 2626532480028 out of range
[1111/115531:WARNING:in_range_cast.h(38)] value 2626532481862 out of range
[1111/115531:WARNING:in_range_cast.h(38)] value 2626532482202 out of range
[1111/115531:WARNING:in_range_cast.h(38)] value 2626532478478 out of range
[1111/115531:WARNING:in_range_cast.h(38)] value 2626532478690 out of range
[1111/115531:ERROR:process_info.cc(608)] range at 0x505e2da000000000, size 0x20c fully unreadable
[1111/115531:ERROR:process_info.cc(608)] range at 0x505e2dc000000000, size 0x20c fully unreadable
[1111/115531:ERROR:process_info.cc(608)] range at 0x0, size 0x20c fully unreadable
[1111/115531:WARNING:in_range_cast.h(38)] value 2251911205916 out of range
[1111/115531:WARNING:in_range_cast.h(38)] value 2251911207750 out of range
[1111/115531:WARNING:in_range_cast.h(38)] value 2251911208090 out of range
[1111/115531:WARNING:in_range_cast.h(38)] value 2251911204366 out of range
[1111/115531:WARNING:in_range_cast.h(38)] value 2251911204578 out of range
[1111/115535:ERROR:process_info.cc(608)] range at 0xe522da400000000, size 0x1be fully unreadable
[1111/115535:ERROR:process_info.cc(608)] range at 0xe522dc400000000, size 0x1be fully unreadable
[1111/115535:ERROR:process_info.cc(608)] range at 0x0, size 0x1be fully unreadable
[1111/115535:WARNING:in_range_cast.h(38)] value 1915795674140 out of range
[1111/115535:WARNING:in_range_cast.h(38)] value 1915795675974 out of range
[1111/115535:WARNING:in_range_cast.h(38)] value 1915795676314 out of range
[1111/115535:WARNING:in_range_cast.h(38)] value 1915795672590 out of range
[1111/115535:WARNING:in_range_cast.h(38)] value 1915795672802 out of range
[1111/115536:ERROR:process_info.cc(608)] range at 0x741a2da000000000, size 0x154 fully unreadable
[1111/115536:ERROR:process_info.cc(608)] range at 0x741a2dc000000000, size 0x154 fully unreadable
[1111/115536:ERROR:process_info.cc(608)] range at 0x0, size 0x154 fully unreadable
[1111/115536:WARNING:in_range_cast.h(38)] value 1462236746780 out of range
[1111/115536:WARNING:in_range_cast.h(38)] value 1462236748614 out of range
[1111/115536:WARNING:in_range_cast.h(38)] value 1462236748954 out of range
[1111/115536:WARNING:in_range_cast.h(38)] value 1462236745230 out of range
[1111/115536:WARNING:in_range_cast.h(38)] value 1462236745442 out of range
[1111/125234:ERROR:process_info.cc(608)] range at 0x4bd2da000000000, size 0x238 fully unreadable
[1111/125234:ERROR:process_info.cc(608)] range at 0x4bd2dc000000000, size 0x238 fully unreadable
[1111/125234:ERROR:process_info.cc(608)] range at 0x0, size 0x238 fully unreadable
[1111/125234:WARNING:in_range_cast.h(38)] value 2439620924444 out of range
[1111/125234:WARNING:in_range_cast.h(38)] value 2439620926278 out of range
[1111/125234:WARNING:in_range_cast.h(38)] value 2439620926618 out of range
[1111/125234:WARNING:in_range_cast.h(38)] value 2439620922894 out of range
[1111/125234:WARNING:in_range_cast.h(38)] value 2439620923106 out of range
[1111/131054:ERROR:crashpad_client_win.cc(335)] CreateProcess: The paging file is too small for this operation to complete. (0x5AF)
[1111/131055:ERROR:process_info.cc(608)] range at 0x93e4335200000000, size 0x196 fully unreadable
[1111/131055:ERROR:process_info.cc(608)] range at 0x93e433b800000000, size 0x196 fully unreadable
[1111/131055:ERROR:process_info.cc(608)] range at 0x0, size 0x196 fully unreadable
[1111/131055:ERROR:process_info.cc(608)] range at 0x345732ec00000000, size 0x21d fully unreadable
[1111/131055:ERROR:process_info.cc(608)] range at 0x3457335200000000, size 0x21d fully unreadable
[1111/131055:ERROR:process_info.cc(608)] range at 0x0, size 0x21d fully unreadable
[1111/131056:ERROR:process_info.cc(608)] range at 0x3c56335800000000, size 0x15f fully unreadable
[1111/131056:ERROR:process_info.cc(608)] range at 0x3c5633be00000000, size 0x15f fully unreadable
[1111/131056:ERROR:process_info.cc(608)] range at 0x0, size 0x15f fully unreadable
[1111/131056:ERROR:process_info.cc(608)] range at 0x8371335600000000, size 0x26b fully unreadable
[1111/131056:ERROR:process_info.cc(608)] range at 0x9f8832ee00000000, size 0x13c fully unreadable
[1111/131056:ERROR:process_info.cc(608)] range at 0x837133ba00000000, size 0x26b fully unreadable
[1111/131056:ERROR:process_info.cc(608)] range at 0x29f9335200000000, size 0x271 fully unreadable
[1111/131056:ERROR:process_info.cc(608)] range at 0x0, size 0x26b fully unreadable
[1111/131056:ERROR:process_info.cc(608)] range at 0x9f88335400000000, size 0x13c fully unreadable
[1111/131056:ERROR:process_info.cc(608)] range at 0x29f933b800000000, size 0x271 fully unreadable
[1111/131056:ERROR:process_info.cc(608)] range at 0x0, size 0x13c fully unreadable
[1111/131056:ERROR:process_info.cc(608)] range at 0x0, size 0x271 fully unreadable
[1111/131056:WARNING:in_range_cast.h(38)] value 1746237920464 out of range
[1111/131056:WARNING:in_range_cast.h(38)] value 1746237922298 out of range
[1111/131056:WARNING:in_range_cast.h(38)] value 1746237922638 out of range
[1111/131056:WARNING:in_range_cast.h(38)] value 1746237918734 out of range
[1111/131056:WARNING:in_range_cast.h(38)] value 1746237918946 out of range
[1111/131056:WARNING:in_range_cast.h(38)] value 1508545795280 out of range
[1111/131056:WARNING:in_range_cast.h(38)] value 1508545797114 out of range
[1111/131056:WARNING:in_range_cast.h(38)] value 1508545797454 out of range
[1111/131056:WARNING:in_range_cast.h(38)] value 1508545793550 out of range
[1111/131056:WARNING:in_range_cast.h(38)] value 1508545793762 out of range
[1111/131056:WARNING:in_range_cast.h(38)] value 2660789982416 out of range
[1111/131056:WARNING:in_range_cast.h(38)] value 2685058749648 out of range
[1111/131056:WARNING:in_range_cast.h(38)] value 1359886161104 out of range
[1111/131056:WARNING:in_range_cast.h(38)] value 2324455429328 out of range
[1111/131056:WARNING:in_range_cast.h(38)] value 2660789984250 out of range
[1111/131056:WARNING:in_range_cast.h(38)] value 2685058751482 out of range
[1111/131056:WARNING:in_range_cast.h(38)] value 1359886162938 out of range
[1111/131056:WARNING:in_range_cast.h(38)] value 2324455431162 out of range
[1111/131056:WARNING:in_range_cast.h(38)] value 2660789984590 out of range
[1111/131056:WARNING:in_range_cast.h(38)] value 2685058751822 out of range
[1111/131056:WARNING:in_range_cast.h(38)] value 1359886163278 out of range
[1111/131056:WARNING:in_range_cast.h(38)] value 2324455431502 out of range
[1111/131056:WARNING:in_range_cast.h(38)] value 2660789980686 out of range
[1111/131056:WARNING:in_range_cast.h(38)] value 2685058747918 out of range
[1111/131056:WARNING:in_range_cast.h(38)] value 1359886159374 out of range
[1111/131056:WARNING:in_range_cast.h(38)] value 2324455427598 out of range
[1111/131056:WARNING:in_range_cast.h(38)] value 2660789980898 out of range
[1111/131056:WARNING:in_range_cast.h(38)] value 2685058748130 out of range
[1111/131056:WARNING:in_range_cast.h(38)] value 1359886159586 out of range
[1111/131056:WARNING:in_range_cast.h(38)] value 2324455427810 out of range
[1111/151915:ERROR:process_info.cc(608)] range at 0xbee82da400000000, size 0x206 fully unreadable
[1111/151915:ERROR:process_info.cc(608)] range at 0xbee82dc400000000, size 0x206 fully unreadable
[1111/151915:ERROR:process_info.cc(608)] range at 0x0, size 0x206 fully unreadable
[1111/151915:WARNING:in_range_cast.h(38)] value 2227995939868 out of range
[1111/151915:WARNING:in_range_cast.h(38)] value 2227995941702 out of range
[1111/151915:WARNING:in_range_cast.h(38)] value 2227995942042 out of range
[1111/151915:WARNING:in_range_cast.h(38)] value 2227995938318 out of range
[1111/151915:WARNING:in_range_cast.h(38)] value 2227995938530 out of range
[1111/154458:ERROR:process_info.cc(608)] range at 0xb0752da400000000, size 0x21c fully unreadable
[1111/154458:ERROR:process_info.cc(608)] range at 0xb0752dc400000000, size 0x21c fully unreadable
[1111/154458:ERROR:process_info.cc(608)] range at 0x0, size 0x21c fully unreadable
[1111/154458:WARNING:in_range_cast.h(38)] value 2322242802716 out of range
[1111/154458:WARNING:in_range_cast.h(38)] value 2322242804550 out of range
[1111/154458:WARNING:in_range_cast.h(38)] value 2322242804890 out of range
[1111/154458:WARNING:in_range_cast.h(38)] value 2322242801166 out of range
[1111/154458:WARNING:in_range_cast.h(38)] value 2322242801378 out of range
[1111/154459:ERROR:process_info.cc(608)] range at 0x5ae22da400000000, size 0x217 fully unreadable
[1111/154459:ERROR:process_info.cc(608)] range at 0x5ae22dc400000000, size 0x217 fully unreadable
[1111/154459:ERROR:process_info.cc(608)] range at 0x0, size 0x217 fully unreadable
[1111/154459:ERROR:process_info.cc(608)] range at 0xf9d72db400000000, size 0x1db fully unreadable
[1111/154459:ERROR:process_info.cc(608)] range at 0xf9d72dd400000000, size 0x1db fully unreadable
[1111/154459:ERROR:process_info.cc(608)] range at 0x0, size 0x1db fully unreadable
[1111/154459:WARNING:in_range_cast.h(38)] value 2299332269084 out of range
[1111/154459:WARNING:in_range_cast.h(38)] value 2299332270918 out of range
[1111/154459:WARNING:in_range_cast.h(38)] value 2299332271258 out of range
[1111/154459:WARNING:in_range_cast.h(38)] value 2299332267534 out of range
[1111/154459:WARNING:in_range_cast.h(38)] value 2299332267746 out of range
[1111/154459:WARNING:in_range_cast.h(38)] value 2044301087774 out of range
[1111/154459:WARNING:in_range_cast.h(38)] value 2044301089608 out of range
[1111/154459:WARNING:in_range_cast.h(38)] value 2044301089948 out of range
[1111/154459:WARNING:in_range_cast.h(38)] value 2044301086222 out of range
[1111/154459:WARNING:in_range_cast.h(38)] value 2044301086436 out of range
[1111/154501:ERROR:process_info.cc(608)] range at 0x9d6a2d9c00000000, size 0x225 fully unreadable
[1111/154501:ERROR:process_info.cc(608)] range at 0x9d6a2dbc00000000, size 0x225 fully unreadable
[1111/154501:ERROR:process_info.cc(608)] range at 0x0, size 0x225 fully unreadable
[1111/154501:WARNING:in_range_cast.h(38)] value 2360578020380 out of range
[1111/154501:WARNING:in_range_cast.h(38)] value 2360578022214 out of range
[1111/154501:WARNING:in_range_cast.h(38)] value 2360578022554 out of range
[1111/154501:WARNING:in_range_cast.h(38)] value 2360578018830 out of range
[1111/154501:WARNING:in_range_cast.h(38)] value 2360578019042 out of range
[1111/154501:ERROR:process_info.cc(608)] range at 0x285d2da400000000, size 0x186 fully unreadable
[1111/154501:ERROR:process_info.cc(608)] range at 0x285d2dc400000000, size 0x186 fully unreadable
[1111/154501:ERROR:process_info.cc(608)] range at 0x0, size 0x186 fully unreadable
[1111/154502:WARNING:in_range_cast.h(38)] value 1675714434076 out of range
[1111/154502:WARNING:in_range_cast.h(38)] value 1675714435910 out of range
[1111/154502:WARNING:in_range_cast.h(38)] value 1675714436250 out of range
[1111/154502:WARNING:in_range_cast.h(38)] value 1675714432526 out of range
[1111/154502:WARNING:in_range_cast.h(38)] value 1675714432738 out of range
[1111/154502:ERROR:process_info.cc(608)] range at 0x70612db800000000, size 0x1f3 fully unreadable
[1111/154502:ERROR:process_info.cc(608)] range at 0x70612dd800000000, size 0x1f3 fully unreadable
[1111/154502:ERROR:process_info.cc(608)] range at 0x0, size 0x1f3 fully unreadable
[1111/154502:WARNING:in_range_cast.h(38)] value 2145074091038 out of range
[1111/154502:WARNING:in_range_cast.h(38)] value 2145074092872 out of range
[1111/154502:WARNING:in_range_cast.h(38)] value 2145074093212 out of range
[1111/154502:WARNING:in_range_cast.h(38)] value 2145074089486 out of range
[1111/154502:WARNING:in_range_cast.h(38)] value 2145074089700 out of range
[1111/154502:ERROR:process_info.cc(608)] range at 0x8f832db400000000, size 0x224 fully unreadable
[1111/154502:ERROR:process_info.cc(608)] range at 0x8f832dd400000000, size 0x224 fully unreadable
[1111/154502:ERROR:process_info.cc(608)] range at 0x0, size 0x224 fully unreadable
[1111/154502:WARNING:in_range_cast.h(38)] value 2356049810462 out of range
[1111/154502:WARNING:in_range_cast.h(38)] value 2356049812296 out of range
[1111/154502:WARNING:in_range_cast.h(38)] value 2356049812636 out of range
[1111/154502:WARNING:in_range_cast.h(38)] value 2356049808910 out of range
[1111/154502:WARNING:in_range_cast.h(38)] value 2356049809124 out of range
[1111/160903:ERROR:process_info.cc(608)] range at 0xeac72da400000000, size 0x136 fully unreadable
[1111/160903:ERROR:process_info.cc(608)] range at 0xeac72dc400000000, size 0x136 fully unreadable
[1111/160903:ERROR:process_info.cc(608)] range at 0x0, size 0x136 fully unreadable
[1111/160903:WARNING:in_range_cast.h(38)] value 1335378777116 out of range
[1111/160903:WARNING:in_range_cast.h(38)] value 1335378778950 out of range
[1111/160903:WARNING:in_range_cast.h(38)] value 1335378779290 out of range
[1111/160903:WARNING:in_range_cast.h(38)] value 1335378775566 out of range
[1111/160903:WARNING:in_range_cast.h(38)] value 1335378775778 out of range
[1114/135619:ERROR:process_info.cc(608)] range at 0x55b2335200000000, size 0x2d0 fully unreadable
[1114/135619:ERROR:process_info.cc(608)] range at 0x55b233b800000000, size 0x2d0 fully unreadable
[1114/135619:ERROR:process_info.cc(608)] range at 0x0, size 0x2d0 fully unreadable
[1114/135619:WARNING:in_range_cast.h(38)] value 3093814187218 out of range
[1114/135619:WARNING:in_range_cast.h(38)] value 3093814189052 out of range
[1114/135619:WARNING:in_range_cast.h(38)] value 3093814189392 out of range
[1114/135619:WARNING:in_range_cast.h(38)] value 3093814185486 out of range
[1114/135619:WARNING:in_range_cast.h(38)] value 3093814185700 out of range
[1114/135623:ERROR:process_info.cc(608)] range at 0x466232ec00000000, size 0x218 fully unreadable
[1114/135623:ERROR:process_info.cc(608)] range at 0x4662335200000000, size 0x218 fully unreadable
[1114/135623:ERROR:process_info.cc(608)] range at 0x0, size 0x218 fully unreadable
[1114/135623:ERROR:process_info.cc(608)] range at 0x609132e600000000, size 0x1c6 fully unreadable
[1114/135623:ERROR:process_info.cc(608)] range at 0x6091334c00000000, size 0x1c6 fully unreadable
[1114/135623:ERROR:process_info.cc(608)] range at 0x0, size 0x1c6 fully unreadable
[1114/135729:ERROR:process_info.cc(608)] range at 0x65aa2db000000000, size 0x272 fully unreadable
[1114/135729:ERROR:process_info.cc(608)] range at 0x65aa2dd000000000, size 0x272 fully unreadable
[1114/135729:ERROR:process_info.cc(608)] range at 0x0, size 0x272 fully unreadable
[1114/135729:WARNING:in_range_cast.h(38)] value 2690355172382 out of range
[1114/135729:WARNING:in_range_cast.h(38)] value 2690355174216 out of range
[1114/135729:WARNING:in_range_cast.h(38)] value 2690355174556 out of range
[1114/135729:WARNING:in_range_cast.h(38)] value 2690355170830 out of range
[1114/135729:WARNING:in_range_cast.h(38)] value 2690355171044 out of range
[1114/135733:ERROR:process_info.cc(608)] range at 0xcfb72db400000000, size 0x1ed fully unreadable
[1114/135733:ERROR:process_info.cc(608)] range at 0xcfb72dd400000000, size 0x1ed fully unreadable
[1114/135733:ERROR:process_info.cc(608)] range at 0x0, size 0x1ed fully unreadable
[1114/135733:WARNING:in_range_cast.h(38)] value 2120903758878 out of range
[1114/135733:WARNING:in_range_cast.h(38)] value 2120903760712 out of range
[1114/135733:WARNING:in_range_cast.h(38)] value 2120903761052 out of range
[1114/135733:WARNING:in_range_cast.h(38)] value 2120903757326 out of range
[1114/135733:WARNING:in_range_cast.h(38)] value 2120903757540 out of range
[1121/212324:ERROR:process_info.cc(608)] range at 0x972d2da000000000, size 0x1d7 fully unreadable
[1121/212324:ERROR:process_info.cc(608)] range at 0x972d2dc000000000, size 0x1d7 fully unreadable
[1121/212324:ERROR:process_info.cc(608)] range at 0x0, size 0x1d7 fully unreadable
[1121/212324:WARNING:in_range_cast.h(38)] value 2025465910300 out of range
[1121/212324:WARNING:in_range_cast.h(38)] value 2025465912134 out of range
[1121/212324:WARNING:in_range_cast.h(38)] value 2025465912474 out of range
[1121/212324:WARNING:in_range_cast.h(38)] value 2025465908750 out of range
[1121/212324:WARNING:in_range_cast.h(38)] value 2025465908962 out of range
[1121/212326:ERROR:process_info.cc(608)] range at 0x80e92da000000000, size 0x213 fully unreadable
[1121/212326:ERROR:process_info.cc(608)] range at 0x80e92dc000000000, size 0x213 fully unreadable
[1121/212326:ERROR:process_info.cc(608)] range at 0x0, size 0x213 fully unreadable
[1121/212326:WARNING:in_range_cast.h(38)] value 2282790392860 out of range
[1121/212326:WARNING:in_range_cast.h(38)] value 2282790394694 out of range
[1121/212326:WARNING:in_range_cast.h(38)] value 2282790395034 out of range
[1121/212326:WARNING:in_range_cast.h(38)] value 2282790391310 out of range
[1121/212326:WARNING:in_range_cast.h(38)] value 2282790391522 out of range
[1121/212328:ERROR:process_info.cc(608)] range at 0xb4072da400000000, size 0x264 fully unreadable
[1121/212328:ERROR:process_info.cc(608)] range at 0xb4072dc400000000, size 0x264 fully unreadable
[1121/212328:ERROR:process_info.cc(608)] range at 0x0, size 0x264 fully unreadable
[1121/212328:WARNING:in_range_cast.h(38)] value 2631540347932 out of range
[1121/212328:WARNING:in_range_cast.h(38)] value 2631540349766 out of range
[1121/212328:WARNING:in_range_cast.h(38)] value 2631540350106 out of range
[1121/212328:WARNING:in_range_cast.h(38)] value 2631540346382 out of range
[1121/212328:WARNING:in_range_cast.h(38)] value 2631540346594 out of range
[1121/212329:ERROR:process_info.cc(608)] range at 0x2d3c2da000000000, size 0x28b fully unreadable
[1121/212329:ERROR:process_info.cc(608)] range at 0x2d3c2dc000000000, size 0x28b fully unreadable
[1121/212329:ERROR:process_info.cc(608)] range at 0x0, size 0x28b fully unreadable
[1121/212329:WARNING:in_range_cast.h(38)] value 2796782621720 out of range
[1121/212329:WARNING:in_range_cast.h(38)] value 2796782623554 out of range
[1121/212329:WARNING:in_range_cast.h(38)] value 2796782623894 out of range
[1121/212329:WARNING:in_range_cast.h(38)] value 2796782620174 out of range
[1121/212329:WARNING:in_range_cast.h(38)] value 2796782620382 out of range
[1121/212332:ERROR:process_info.cc(608)] range at 0xee262da400000000, size 0x197 fully unreadable
[1121/212332:ERROR:process_info.cc(608)] range at 0xee262dc400000000, size 0x197 fully unreadable
[1121/212332:ERROR:process_info.cc(608)] range at 0x0, size 0x197 fully unreadable
[1121/212332:WARNING:in_range_cast.h(38)] value 1752047162396 out of range
[1121/212332:WARNING:in_range_cast.h(38)] value 1752047164230 out of range
[1121/212332:WARNING:in_range_cast.h(38)] value 1752047164570 out of range
[1121/212332:WARNING:in_range_cast.h(38)] value 1752047160846 out of range
[1121/212332:WARNING:in_range_cast.h(38)] value 1752047161058 out of range
[1121/212332:ERROR:process_info.cc(608)] range at 0x131a2da000000000, size 0x1de fully unreadable
[1121/212332:ERROR:process_info.cc(608)] range at 0x131a2dc000000000, size 0x1de fully unreadable
[1121/212332:ERROR:process_info.cc(608)] range at 0x0, size 0x1de fully unreadable
[1121/212332:WARNING:in_range_cast.h(38)] value 2053314843676 out of range
[1121/212332:WARNING:in_range_cast.h(38)] value 2053314845510 out of range
[1121/212332:WARNING:in_range_cast.h(38)] value 2053314845850 out of range
[1121/212332:WARNING:in_range_cast.h(38)] value 2053314842126 out of range
[1121/212332:WARNING:in_range_cast.h(38)] value 2053314842338 out of range
[1121/212333:ERROR:process_info.cc(608)] range at 0x8eea2d9c00000000, size 0x23b fully unreadable
[1121/212333:ERROR:process_info.cc(608)] range at 0x8eea2dbc00000000, size 0x23b fully unreadable
[1121/212333:ERROR:process_info.cc(608)] range at 0x0, size 0x23b fully unreadable
[1121/212333:WARNING:in_range_cast.h(38)] value 2454824031260 out of range
[1121/212333:WARNING:in_range_cast.h(38)] value 2454824033094 out of range
[1121/212333:WARNING:in_range_cast.h(38)] value 2454824033434 out of range
[1121/212333:WARNING:in_range_cast.h(38)] value 2454824029710 out of range
[1121/212333:WARNING:in_range_cast.h(38)] value 2454824029922 out of range
[1121/212336:ERROR:process_info.cc(608)] range at 0x47a52da400000000, size 0x2a8 fully unreadable
[1121/212336:ERROR:process_info.cc(608)] range at 0x47a52dc400000000, size 0x2a8 fully unreadable
[1121/212336:ERROR:process_info.cc(608)] range at 0x0, size 0x2a8 fully unreadable
[1121/212336:WARNING:in_range_cast.h(38)] value 2921779762204 out of range
[1121/212336:WARNING:in_range_cast.h(38)] value 2921779764038 out of range
[1121/212336:WARNING:in_range_cast.h(38)] value 2921779764378 out of range
[1121/212336:WARNING:in_range_cast.h(38)] value 2921779760654 out of range
[1121/212336:WARNING:in_range_cast.h(38)] value 2921779760866 out of range
[1121/215806:ERROR:process_info.cc(608)] range at 0x505c2da400000000, size 0x22c fully unreadable
[1121/215806:ERROR:process_info.cc(608)] range at 0x505c2dc400000000, size 0x22c fully unreadable
[1121/215806:ERROR:process_info.cc(608)] range at 0x0, size 0x22c fully unreadable
[1121/215806:WARNING:in_range_cast.h(38)] value 2389350028316 out of range
[1121/215806:WARNING:in_range_cast.h(38)] value 2389350030150 out of range
[1121/215806:WARNING:in_range_cast.h(38)] value 2389350030490 out of range
[1121/215806:WARNING:in_range_cast.h(38)] value 2389350026766 out of range
[1121/215806:WARNING:in_range_cast.h(38)] value 2389350026978 out of range
[1121/215808:ERROR:process_info.cc(608)] range at 0xd5952da400000000, size 0x1ad fully unreadable
[1121/215808:ERROR:process_info.cc(608)] range at 0xd5952dc400000000, size 0x1ad fully unreadable
[1121/215808:ERROR:process_info.cc(608)] range at 0x0, size 0x1ad fully unreadable
[1121/215808:WARNING:in_range_cast.h(38)] value 1846124287004 out of range
[1121/215808:WARNING:in_range_cast.h(38)] value 1846124288838 out of range
[1121/215808:WARNING:in_range_cast.h(38)] value 1846124289178 out of range
[1121/215808:WARNING:in_range_cast.h(38)] value 1846124285454 out of range
[1121/215808:WARNING:in_range_cast.h(38)] value 1846124285666 out of range
[1121/215808:ERROR:process_info.cc(608)] range at 0xbe2c2d9800000000, size 0x1cb fully unreadable
[1121/215808:ERROR:process_info.cc(608)] range at 0xbe2c2db800000000, size 0x1cb fully unreadable
[1121/215808:ERROR:process_info.cc(608)] range at 0x0, size 0x1cb fully unreadable
[1121/215808:WARNING:in_range_cast.h(38)] value 1974580548636 out of range
[1121/215808:WARNING:in_range_cast.h(38)] value 1974580550470 out of range
[1121/215808:WARNING:in_range_cast.h(38)] value 1974580550810 out of range
[1121/215808:WARNING:in_range_cast.h(38)] value 1974580547086 out of range
[1121/215808:WARNING:in_range_cast.h(38)] value 1974580547298 out of range
[1121/215809:ERROR:process_info.cc(608)] range at 0xdb572d9c00000000, size 0x1e7 fully unreadable
[1121/215809:ERROR:process_info.cc(608)] range at 0xdb572dbc00000000, size 0x1e7 fully unreadable
[1121/215809:ERROR:process_info.cc(608)] range at 0x0, size 0x1e7 fully unreadable
[1121/215809:ERROR:process_info.cc(608)] range at 0xa5332d9800000000, size 0x26d fully unreadable
[1121/215809:ERROR:process_info.cc(608)] range at 0xa5332db800000000, size 0x26d fully unreadable
[1121/215809:ERROR:process_info.cc(608)] range at 0x0, size 0x26d fully unreadable
[1121/215809:WARNING:in_range_cast.h(38)] value 2095328990236 out of range
[1121/215809:WARNING:in_range_cast.h(38)] value 2095328992070 out of range
[1121/215809:WARNING:in_range_cast.h(38)] value 2095328992410 out of range
[1121/215809:WARNING:in_range_cast.h(38)] value 2095328988686 out of range
[1121/215809:WARNING:in_range_cast.h(38)] value 2095328988898 out of range
[1121/215809:WARNING:in_range_cast.h(38)] value 2669946278940 out of range
[1121/215809:WARNING:in_range_cast.h(38)] value 2669946280774 out of range
[1121/215809:WARNING:in_range_cast.h(38)] value 2669946281114 out of range
[1121/215809:WARNING:in_range_cast.h(38)] value 2669946277390 out of range
[1121/215809:WARNING:in_range_cast.h(38)] value 2669946277602 out of range
[1121/215810:ERROR:process_info.cc(608)] range at 0xb97a2da400000000, size 0x229 fully unreadable
[1121/215810:ERROR:process_info.cc(608)] range at 0xb97a2dc400000000, size 0x229 fully unreadable
[1121/215810:ERROR:process_info.cc(608)] range at 0x0, size 0x229 fully unreadable
[1121/215810:WARNING:in_range_cast.h(38)] value 2378228700188 out of range
[1121/215810:WARNING:in_range_cast.h(38)] value 2378228702022 out of range
[1121/215810:WARNING:in_range_cast.h(38)] value 2378228702362 out of range
[1121/215810:WARNING:in_range_cast.h(38)] value 2378228698638 out of range
[1121/215810:WARNING:in_range_cast.h(38)] value 2378228698850 out of range
[1121/215813:ERROR:process_info.cc(608)] range at 0xc18e2da400000000, size 0x1af fully unreadable
[1121/215813:ERROR:process_info.cc(608)] range at 0xc18e2dc400000000, size 0x1af fully unreadable
[1121/215813:ERROR:process_info.cc(608)] range at 0x0, size 0x1af fully unreadable
[1121/215813:WARNING:in_range_cast.h(38)] value 1854378218524 out of range
[1121/215813:WARNING:in_range_cast.h(38)] value 1854378220358 out of range
[1121/215813:WARNING:in_range_cast.h(38)] value 1854378220698 out of range
[1121/215813:WARNING:in_range_cast.h(38)] value 1854378216974 out of range
[1121/215813:WARNING:in_range_cast.h(38)] value 1854378217186 out of range
[1121/215814:ERROR:process_info.cc(608)] range at 0x36bd2d9800000000, size 0x258 fully unreadable
[1121/215814:ERROR:process_info.cc(608)] range at 0x36bd2db800000000, size 0x258 fully unreadable
[1121/215814:ERROR:process_info.cc(608)] range at 0x0, size 0x258 fully unreadable
[1121/215814:WARNING:in_range_cast.h(38)] value 2577898738716 out of range
[1121/215814:WARNING:in_range_cast.h(38)] value 2577898740550 out of range
[1121/215814:WARNING:in_range_cast.h(38)] value 2577898740890 out of range
[1121/215814:WARNING:in_range_cast.h(38)] value 2577898737166 out of range
[1121/215814:WARNING:in_range_cast.h(38)] value 2577898737378 out of range
[1121/215814:ERROR:process_info.cc(608)] range at 0x4f3c2da400000000, size 0x1a1 fully unreadable
[1121/215814:ERROR:process_info.cc(608)] range at 0x4f3c2dc400000000, size 0x1a1 fully unreadable
[1121/215814:ERROR:process_info.cc(608)] range at 0x0, size 0x1a1 fully unreadable
[1121/215814:WARNING:in_range_cast.h(38)] value 1792330699804 out of range
[1121/215814:WARNING:in_range_cast.h(38)] value 1792330701638 out of range
[1121/215814:WARNING:in_range_cast.h(38)] value 1792330701978 out of range
[1121/215814:WARNING:in_range_cast.h(38)] value 1792330698254 out of range
[1121/215814:WARNING:in_range_cast.h(38)] value 1792330698466 out of range
[1121/215814:ERROR:process_info.cc(608)] range at 0x79932d9400000000, size 0x159 fully unreadable
[1121/215814:ERROR:process_info.cc(608)] range at 0x79932db400000000, size 0x159 fully unreadable
[1121/215814:ERROR:process_info.cc(608)] range at 0x0, size 0x159 fully unreadable
[1121/215814:ERROR:process_info.cc(608)] range at 0xc7282da400000000, size 0x1da fully unreadable
[1121/215814:ERROR:process_info.cc(608)] range at 0xc7282dc400000000, size 0x1da fully unreadable
[1121/215814:ERROR:process_info.cc(608)] range at 0x0, size 0x1da fully unreadable
[1121/215814:WARNING:in_range_cast.h(38)] value 1483803399194 out of range
[1121/215814:WARNING:in_range_cast.h(38)] value 1483803401028 out of range
[1121/215814:WARNING:in_range_cast.h(38)] value 1483803401368 out of range
[1121/215814:WARNING:in_range_cast.h(38)] value 1483803397646 out of range
[1121/215814:WARNING:in_range_cast.h(38)] value 1483803397856 out of range
[1121/215814:WARNING:in_range_cast.h(38)] value 2039155790876 out of range
[1121/215814:WARNING:in_range_cast.h(38)] value 2039155792710 out of range
[1121/215814:WARNING:in_range_cast.h(38)] value 2039155793050 out of range
[1121/215814:WARNING:in_range_cast.h(38)] value 2039155789326 out of range
[1121/215814:WARNING:in_range_cast.h(38)] value 2039155789538 out of range
[1121/215815:ERROR:process_info.cc(608)] range at 0x34052da400000000, size 0x242 fully unreadable
[1121/215815:ERROR:process_info.cc(608)] range at 0x34052dc400000000, size 0x242 fully unreadable
[1121/215815:ERROR:process_info.cc(608)] range at 0x0, size 0x242 fully unreadable
[1121/215815:ERROR:process_info.cc(608)] range at 0x846b2da400000000, size 0x1dc fully unreadable
[1121/215815:ERROR:process_info.cc(608)] range at 0x846b2dc400000000, size 0x1dc fully unreadable
[1121/215815:ERROR:process_info.cc(608)] range at 0x0, size 0x1dc fully unreadable
[1121/215815:WARNING:in_range_cast.h(38)] value 2483363845148 out of range
[1121/215815:WARNING:in_range_cast.h(38)] value 2483363846982 out of range
[1121/215815:WARNING:in_range_cast.h(38)] value 2483363847322 out of range
[1121/215815:WARNING:in_range_cast.h(38)] value 2483363843598 out of range
[1121/215815:WARNING:in_range_cast.h(38)] value 2483363843810 out of range
[1121/215815:WARNING:in_range_cast.h(38)] value 2046626042908 out of range
[1121/215815:WARNING:in_range_cast.h(38)] value 2046626044742 out of range
[1121/215815:WARNING:in_range_cast.h(38)] value 2046626045082 out of range
[1121/215815:WARNING:in_range_cast.h(38)] value 2046626041358 out of range
[1121/215815:WARNING:in_range_cast.h(38)] value 2046626041570 out of range
[1121/215818:ERROR:process_info.cc(608)] range at 0xc5b72da400000000, size 0x206 fully unreadable
[1121/215818:ERROR:process_info.cc(608)] range at 0xc5b72dc400000000, size 0x206 fully unreadable
[1121/215818:ERROR:process_info.cc(608)] range at 0x0, size 0x206 fully unreadable
[1121/215818:WARNING:in_range_cast.h(38)] value 2228110169114 out of range
[1121/215818:WARNING:in_range_cast.h(38)] value 2228110170948 out of range
[1121/215818:WARNING:in_range_cast.h(38)] value 2228110171288 out of range
[1121/215818:WARNING:in_range_cast.h(38)] value 2228110167566 out of range
[1121/215818:WARNING:in_range_cast.h(38)] value 2228110167776 out of range
[1121/215820:ERROR:process_info.cc(608)] range at 0xc90b2d9c00000000, size 0x256 fully unreadable
[1121/215820:ERROR:process_info.cc(608)] range at 0xc90b2dbc00000000, size 0x256 fully unreadable
[1121/215820:ERROR:process_info.cc(608)] range at 0x0, size 0x256 fully unreadable
[1121/215820:WARNING:in_range_cast.h(38)] value 2571763389468 out of range
[1121/215820:WARNING:in_range_cast.h(38)] value 2571763391302 out of range
[1121/215820:WARNING:in_range_cast.h(38)] value 2571763391642 out of range
[1121/215820:WARNING:in_range_cast.h(38)] value 2571763387918 out of range
[1121/215820:WARNING:in_range_cast.h(38)] value 2571763388130 out of range
[1121/215821:ERROR:process_info.cc(608)] range at 0x575b2da400000000, size 0x273 fully unreadable
[1121/215821:ERROR:process_info.cc(608)] range at 0xf1442da400000000, size 0x2c1 fully unreadable
[1121/215821:ERROR:process_info.cc(608)] range at 0x575b2dc400000000, size 0x273 fully unreadable
[1121/215821:ERROR:process_info.cc(608)] range at 0xf1442dc400000000, size 0x2c1 fully unreadable
[1121/215821:ERROR:process_info.cc(608)] range at 0x0, size 0x273 fully unreadable
[1121/215821:ERROR:process_info.cc(608)] range at 0x0, size 0x2c1 fully unreadable
[1121/215821:ERROR:process_info.cc(608)] range at 0x530f2da400000000, size 0x127 fully unreadable
[1121/215821:ERROR:process_info.cc(608)] range at 0x530f2dc400000000, size 0x127 fully unreadable
[1121/215821:ERROR:process_info.cc(608)] range at 0x0, size 0x127 fully unreadable
[1121/215821:WARNING:in_range_cast.h(38)] value 2694410081308 out of range
[1121/215821:WARNING:in_range_cast.h(38)] value 2694410083142 out of range
[1121/215821:WARNING:in_range_cast.h(38)] value 2694410083482 out of range
[1121/215821:WARNING:in_range_cast.h(38)] value 2694410079758 out of range
[1121/215821:WARNING:in_range_cast.h(38)] value 2694410079970 out of range
[1121/215821:WARNING:in_range_cast.h(38)] value 3031999714332 out of range
[1121/215821:WARNING:in_range_cast.h(38)] value 3031999716166 out of range
[1121/215821:WARNING:in_range_cast.h(38)] value 3031999716506 out of range
[1121/215821:WARNING:in_range_cast.h(38)] value 3031999712782 out of range
[1121/215821:WARNING:in_range_cast.h(38)] value 3031999712994 out of range
[1121/215821:WARNING:in_range_cast.h(38)] value 1268408849436 out of range
[1121/215821:WARNING:in_range_cast.h(38)] value 1268408851270 out of range
[1121/215821:WARNING:in_range_cast.h(38)] value 1268408851610 out of range
[1121/215821:WARNING:in_range_cast.h(38)] value 1268408847886 out of range
[1121/215821:WARNING:in_range_cast.h(38)] value 1268408848098 out of range
[1121/215822:ERROR:process_info.cc(608)] range at 0xef162da400000000, size 0x1b5 fully unreadable
[1121/215822:ERROR:process_info.cc(608)] range at 0xef162dc400000000, size 0x1b5 fully unreadable
[1121/215822:ERROR:process_info.cc(608)] range at 0x0, size 0x1b5 fully unreadable
[1121/215822:ERROR:process_info.cc(608)] range at 0x219b2da000000000, size 0x14f fully unreadable
[1121/215822:ERROR:process_info.cc(608)] range at 0x219b2dc000000000, size 0x14f fully unreadable
[1121/215822:ERROR:process_info.cc(608)] range at 0x0, size 0x14f fully unreadable
[1121/215822:WARNING:in_range_cast.h(38)] value 1880911909916 out of range
[1121/215822:WARNING:in_range_cast.h(38)] value 1880911911750 out of range
[1121/215822:WARNING:in_range_cast.h(38)] value 1880911912090 out of range
[1121/215822:WARNING:in_range_cast.h(38)] value 1880911908366 out of range
[1121/215822:WARNING:in_range_cast.h(38)] value 1880911908578 out of range
[1121/215822:WARNING:in_range_cast.h(38)] value 1439377855516 out of range
[1121/215822:WARNING:in_range_cast.h(38)] value 1439377857350 out of range
[1121/215822:WARNING:in_range_cast.h(38)] value 1439377857690 out of range
[1121/215822:WARNING:in_range_cast.h(38)] value 1439377853966 out of range
[1121/215822:WARNING:in_range_cast.h(38)] value 1439377854178 out of range
[1121/215825:ERROR:process_info.cc(608)] range at 0x7b722d9c00000000, size 0x16d fully unreadable
[1121/215825:ERROR:process_info.cc(608)] range at 0x7b722dbc00000000, size 0x16d fully unreadable
[1121/215825:ERROR:process_info.cc(608)] range at 0x0, size 0x16d fully unreadable
[1121/215825:WARNING:in_range_cast.h(38)] value 1569734136860 out of range
[1121/215825:WARNING:in_range_cast.h(38)] value 1569734138694 out of range
[1121/215825:WARNING:in_range_cast.h(38)] value 1569734139034 out of range
[1121/215825:WARNING:in_range_cast.h(38)] value 1569734135310 out of range
[1121/215825:WARNING:in_range_cast.h(38)] value 1569734135522 out of range
[1121/215826:ERROR:process_info.cc(608)] range at 0xa8672da400000000, size 0x267 fully unreadable
[1121/215826:ERROR:process_info.cc(608)] range at 0xa8672dc400000000, size 0x267 fully unreadable
[1121/215826:ERROR:process_info.cc(608)] range at 0x0, size 0x267 fully unreadable
[1121/215826:WARNING:in_range_cast.h(38)] value 2644230214684 out of range
[1121/215826:WARNING:in_range_cast.h(38)] value 2644230216518 out of range
[1121/215826:WARNING:in_range_cast.h(38)] value 2644230216858 out of range
[1121/215826:WARNING:in_range_cast.h(38)] value 2644230213134 out of range
[1121/215826:WARNING:in_range_cast.h(38)] value 2644230213346 out of range
